2024-01-22 16:12:01,137 - INFO - Pesquisando em https://www.vmzviagens.com.br/ingressos/orlando/disney-world-ingresso/disney-ingresso-magic-kingdom-1dia??data=2024-01-27 para 1 Dia - Disney Básico Magic Kingdom na data 27/01/2024.
2024-01-22 16:12:05,498 - INFO - Preço encontrado: R$ 110.06. Preço multiplicado por 10: R$ 1100.60
2024-01-22 16:12:05,514 - INFO - Pesquisando em https://www.vmzviagens.com.br/ingressos/orlando/disney-world-ingresso/disney-ingresso-magic-kingdom-1dia??data=2024-02-06 para 1 Dia - Disney Básico Magic Kingdom na data 06/02/2024.
2024-01-22 16:12:07,385 - INFO - Preço encontrado: R$ 103.55. Preço multiplicado por 10: R$ 1035.50
2024-01-22 16:12:07,397 - INFO - Pesquisando em https://www.vmzviagens.com.br/ingressos/orlando/disney-world-ingresso/disney-ingresso-magic-kingdom-1dia??data=2024-02-21 para 1 Dia - Disney Básico Magic Kingdom na data 21/02/2024.
2024-01-22 16:12:10,678 - INFO - Preço encontrado: R$ 119.83. Preço multiplicado por 10: R$ 1198.30
2024-01-22 16:12:18,515 - INFO - Pesquisando em https://www.vmzviagens.com.br/ingressos/orlando/disney-world-ingresso/epcot??data=2024-01-27 para 1 Dia - Disney Básico Epcot na data 27/01/2024.
2024-01-22 16:12:22,583 - INFO - Preço encontrado: R$ 103.55. Preço multiplicado por 10: R$ 1035.50
2024-01-22 16:12:22,605 - INFO - Pesquisando em https://www.vmzviagens.com.br/ingressos/orlando/disney-world-ingresso/epcot??data=2024-02-06 para 1 Dia - Disney Básico Epcot na data 06/02/2024.
2024-01-22 16:12:24,847 - INFO - Preço encontrado: R$ 93.78. Preço multiplicado por 10: R$ 937.80
2024-01-22 16:12:24,858 - INFO - Pesquisando em https://www.vmzviagens.com.br/ingressos/orlando/disney-world-ingresso/epcot??data=2024-02-21 para 1 Dia - Disney Básico Epcot na data 21/02/2024.
2024-01-22 16:12:26,941 - INFO - Preço encontrado: R$ 110.06. Preço multiplicado por 10: R$ 1100.60
2024-01-22 16:12:34,475 - INFO - Pesquisando em https://www.vmzviagens.com.br/ingressos/orlando/disney-world-ingresso/disney-ingresso-hollywood-studios-1dia??data=2024-01-27 para 1 Dia - Disney Básico Hollywood Studios na data 27/01/2024.
2024-01-22 16:12:38,299 - INFO - Preço encontrado: R$ 106.80. Preço multiplicado por 10: R$ 1068.00
2024-01-22 16:12:38,322 - INFO - Pesquisando em https://www.vmzviagens.com.br/ingressos/orlando/disney-world-ingresso/disney-ingresso-hollywood-studios-1dia??data=2024-02-06 para 1 Dia - Disney Básico Hollywood Studios na data 06/02/2024.
2024-01-22 16:12:40,446 - INFO - Preço encontrado: R$ 100.29. Preço multiplicado por 10: R$ 1002.90
2024-01-22 16:12:40,458 - INFO - Pesquisando em https://www.vmzviagens.com.br/ingressos/orlando/disney-world-ingresso/disney-ingresso-hollywood-studios-1dia??data=2024-02-21 para 1 Dia - Disney Básico Hollywood Studios na data 21/02/2024.
2024-01-22 16:12:42,347 - INFO - Preço encontrado: R$ 116.57. Preço multiplicado por 10: R$ 1165.70
2024-01-22 16:12:49,953 - INFO - Pesquisando em https://www.vmzviagens.com.br/ingressos/orlando/disney-world-ingresso/disney-ingresso-animal-kingdom-1dia??data=2024-01-27 para 1 Dia - Disney Básico Animal Kingdom na data 27/01/2024.
2024-01-22 16:12:53,752 - INFO - Preço encontrado: R$ 93.78. Preço multiplicado por 10: R$ 937.80
2024-01-22 16:12:53,780 - INFO - Pesquisando em https://www.vmzviagens.com.br/ingressos/orlando/disney-world-ingresso/disney-ingresso-animal-kingdom-1dia??data=2024-02-06 para 1 Dia - Disney Básico Animal Kingdom na data 06/02/2024.
2024-01-22 16:12:55,691 - INFO - Preço encontrado: R$ 87.26. Preço multiplicado por 10: R$ 872.60
2024-01-22 16:12:55,714 - INFO - Pesquisando em https://www.vmzviagens.com.br/ingressos/orlando/disney-world-ingresso/disney-ingresso-animal-kingdom-1dia??data=2024-02-21 para 1 Dia - Disney Básico Animal Kingdom na data 21/02/2024.
2024-01-22 16:12:57,666 - INFO - Preço encontrado: R$ 106.80. Preço multiplicado por 10: R$ 1068.00
2024-01-22 16:13:05,218 - INFO - Pesquisando em https://www.vmzviagens.com.br/ingressos/orlando/promocao-disney-world-4-park-magic/promocao-disney-world-4-park-magic??data=2024-01-27 para 4 Dias - Disney Promocional na data 27/01/2024.
2024-01-22 16:13:08,699 - INFO - Preço encontrado: R$ 266.03. Preço multiplicado por 10: R$ 2660.30
2024-01-22 16:13:08,720 - INFO - Pesquisando em https://www.vmzviagens.com.br/ingressos/orlando/promocao-disney-world-4-park-magic/promocao-disney-world-4-park-magic??data=2024-02-06 para 4 Dias - Disney Promocional na data 06/02/2024.
2024-01-22 16:13:11,404 - INFO - Preço encontrado: R$ 266.03. Preço multiplicado por 10: R$ 2660.30
2024-01-22 16:13:11,418 - INFO - Pesquisando em https://www.vmzviagens.com.br/ingressos/orlando/promocao-disney-world-4-park-magic/promocao-disney-world-4-park-magic??data=2024-02-21 para 4 Dias - Disney Promocional na data 21/02/2024.
2024-01-22 16:13:13,693 - INFO - Preço encontrado: R$ 266.03. Preço multiplicado por 10: R$ 2660.30
2024-01-22 16:53:38,618 - INFO - Pesquisando em https://www.vmzviagens.com.br/ingressos/orlando/disney-world-ingresso/disney-ingresso-magic-kingdom-1dia??data=2024-01-22 para 1 Dia - Disney Básico Magic Kingdom na data 22/01/2024.
2024-01-22 16:53:40,527 - ERROR - Erro durante a execução: Invalid character '/' position 0
  line 1:
//*[@id="__layout"]/div/div[1]/section/article[1]/div/div/div[4]/div[1]/div[2]/div[2]/b
^
2024-01-22 16:53:40,527 - INFO - Pesquisando em https://www.vmzviagens.com.br/ingressos/orlando/disney-world-ingresso/epcot??data=2024-01-22 para 1 Dia - Disney Básico Epcot na data 22/01/2024.
2024-01-22 16:53:43,051 - ERROR - Erro durante a execução: Invalid character '/' position 0
  line 1:
//*[@id="__layout"]/div/div[1]/section/article[1]/div/div/div[4]/div[1]/div[2]/div[2]/b
^
2024-01-22 16:53:43,052 - INFO - Pesquisando em https://www.vmzviagens.com.br/ingressos/orlando/disney-world-ingresso/disney-ingresso-hollywood-studios-1dia??data=2024-01-22 para 1 Dia - Disney Básico Hollywood Studios na data 22/01/2024.
2024-01-22 16:53:45,107 - ERROR - Erro durante a execução: Invalid character '/' position 0
  line 1:
//*[@id="__layout"]/div/div[1]/section/article[1]/div/div/div[4]/div[1]/div[2]/div[2]/b
^
2024-01-22 16:53:45,107 - INFO - Pesquisando em https://www.vmzviagens.com.br/ingressos/orlando/disney-world-ingresso/disney-ingresso-animal-kingdom-1dia??data=2024-01-22 para 1 Dia - Disney Básico Animal Kingdom na data 22/01/2024.
2024-01-22 16:53:47,167 - ERROR - Erro durante a execução: Invalid character '/' position 0
  line 1:
//*[@id="__layout"]/div/div[1]/section/article[1]/div/div/div[4]/div[1]/div[2]/div[2]/b
^
2024-01-22 16:53:47,167 - INFO - Pesquisando em https://www.vmzviagens.com.br/ingressos/orlando/promocao-disney-world-4-park-magic/promocao-disney-world-4-park-magic??data=2024-01-22 para 4 Dias - Disney Promocional na data 22/01/2024.
2024-01-22 16:53:48,917 - ERROR - Erro durante a execução: Invalid character '/' position 0
  line 1:
//*[@id="__layout"]/div/div[1]/section/article[1]/div/div/div[4]/div[1]/div[3]/div[1]/b
^
2024-01-22 16:53:48,917 - ERROR - Erro ao analisar os dados: 'parque'
2024-01-22 16:55:24,237 - INFO - Pesquisando em https://www.vmzviagens.com.br/ingressos/orlando/disney-world-ingresso/disney-ingresso-magic-kingdom-1dia??data=2024-01-22 para 1 Dia - Disney Básico Magic Kingdom na data 22/01/2024.
2024-01-22 16:55:26,275 - ERROR - Erro durante a execução: Invalid character '/' position 0
  line 1:
//*[@id="__layout"]/div/div[1]/section/article[1]/div/div/div[4]/div[1]/div[2]/div[2]/b
^
2024-01-22 16:55:26,275 - INFO - Pesquisando em https://www.vmzviagens.com.br/ingressos/orlando/disney-world-ingresso/epcot??data=2024-01-22 para 1 Dia - Disney Básico Epcot na data 22/01/2024.
2024-01-22 16:55:28,477 - ERROR - Erro durante a execução: Invalid character '/' position 0
  line 1:
//*[@id="__layout"]/div/div[1]/section/article[1]/div/div/div[4]/div[1]/div[2]/div[2]/b
^
2024-01-22 16:55:28,477 - INFO - Pesquisando em https://www.vmzviagens.com.br/ingressos/orlando/disney-world-ingresso/disney-ingresso-hollywood-studios-1dia??data=2024-01-22 para 1 Dia - Disney Básico Hollywood Studios na data 22/01/2024.
2024-01-22 16:55:30,577 - ERROR - Erro durante a execução: Invalid character '/' position 0
  line 1:
//*[@id="__layout"]/div/div[1]/section/article[1]/div/div/div[4]/div[1]/div[2]/div[2]/b
^
2024-01-22 16:55:30,577 - INFO - Pesquisando em https://www.vmzviagens.com.br/ingressos/orlando/disney-world-ingresso/disney-ingresso-animal-kingdom-1dia??data=2024-01-22 para 1 Dia - Disney Básico Animal Kingdom na data 22/01/2024.
2024-01-22 16:55:32,528 - ERROR - Erro durante a execução: Invalid character '/' position 0
  line 1:
//*[@id="__layout"]/div/div[1]/section/article[1]/div/div/div[4]/div[1]/div[2]/div[2]/b
^
2024-01-22 16:55:32,528 - INFO - Pesquisando em https://www.vmzviagens.com.br/ingressos/orlando/promocao-disney-world-4-park-magic/promocao-disney-world-4-park-magic??data=2024-01-22 para 4 Dias - Disney Promocional na data 22/01/2024.
2024-01-22 16:55:34,364 - ERROR - Erro durante a execução: Invalid character '/' position 0
  line 1:
//*[@id="__layout"]/div/div[1]/section/article[1]/div/div/div[4]/div[1]/div[3]/div[1]/b
^
2024-01-22 16:55:34,365 - ERROR - Erro ao analisar os dados: 'parque'
2024-01-22 16:56:22,317 - INFO - Pesquisando em https://www.vmzviagens.com.br/ingressos/orlando/disney-world-ingresso/disney-ingresso-magic-kingdom-1dia??data=2024-01-22 para 1 Dia - Disney Básico Magic Kingdom na data 22/01/2024.
2024-01-22 16:56:24,550 - ERROR - Erro durante a execução: Invalid character '/' position 0
  line 1:
//*[@id="__layout"]/div/div[1]/section/article[1]/div/div/div[4]/div[1]/div[2]/div[2]/b
^
2024-01-22 16:56:24,550 - INFO - Pesquisando em https://www.vmzviagens.com.br/ingressos/orlando/disney-world-ingresso/epcot??data=2024-01-22 para 1 Dia - Disney Básico Epcot na data 22/01/2024.
2024-01-22 16:56:26,787 - ERROR - Erro durante a execução: Invalid character '/' position 0
  line 1:
//*[@id="__layout"]/div/div[1]/section/article[1]/div/div/div[4]/div[1]/div[2]/div[2]/b
^
2024-01-22 16:56:26,787 - INFO - Pesquisando em https://www.vmzviagens.com.br/ingressos/orlando/disney-world-ingresso/disney-ingresso-hollywood-studios-1dia??data=2024-01-22 para 1 Dia - Disney Básico Hollywood Studios na data 22/01/2024.
2024-01-22 16:56:28,809 - ERROR - Erro durante a execução: Invalid character '/' position 0
  line 1:
//*[@id="__layout"]/div/div[1]/section/article[1]/div/div/div[4]/div[1]/div[2]/div[2]/b
^
2024-01-22 16:56:28,809 - INFO - Pesquisando em https://www.vmzviagens.com.br/ingressos/orlando/disney-world-ingresso/disney-ingresso-animal-kingdom-1dia??data=2024-01-22 para 1 Dia - Disney Básico Animal Kingdom na data 22/01/2024.
2024-01-22 16:56:30,798 - ERROR - Erro durante a execução: Invalid character '/' position 0
  line 1:
//*[@id="__layout"]/div/div[1]/section/article[1]/div/div/div[4]/div[1]/div[2]/div[2]/b
^
2024-01-22 16:56:30,798 - INFO - Pesquisando em https://www.vmzviagens.com.br/ingressos/orlando/promocao-disney-world-4-park-magic/promocao-disney-world-4-park-magic??data=2024-01-22 para 4 Dias - Disney Promocional na data 22/01/2024.
2024-01-22 16:56:32,461 - ERROR - Erro durante a execução: Invalid character '/' position 0
  line 1:
//*[@id="__layout"]/div/div[1]/section/article[1]/div/div/div[4]/div[1]/div[3]/div[1]/b
^
2024-01-22 16:56:32,462 - ERROR - Erro ao analisar os dados: 'parque'
2024-01-22 16:57:02,531 - INFO - Pesquisando em https://www.vmzviagens.com.br/ingressos/orlando/disney-world-ingresso/disney-ingresso-magic-kingdom-1dia??data=2024-01-22 para 1 Dia - Disney Básico Magic Kingdom na data 22/01/2024.
2024-01-22 16:57:05,012 - ERROR - Erro durante a execução: Invalid character '/' position 0
  line 1:
//*[@id="__layout"]/div/div[1]/section/article[1]/div/div/div[4]/div[1]/div[2]/div[2]/b
^
2024-01-22 16:57:05,012 - INFO - Pesquisando em https://www.vmzviagens.com.br/ingressos/orlando/disney-world-ingresso/epcot??data=2024-01-22 para 1 Dia - Disney Básico Epcot na data 22/01/2024.
2024-01-22 16:57:07,616 - ERROR - Erro durante a execução: Invalid character '/' position 0
  line 1:
//*[@id="__layout"]/div/div[1]/section/article[1]/div/div/div[4]/div[1]/div[2]/div[2]/b
^
2024-01-22 16:57:07,616 - INFO - Pesquisando em https://www.vmzviagens.com.br/ingressos/orlando/disney-world-ingresso/disney-ingresso-hollywood-studios-1dia??data=2024-01-22 para 1 Dia - Disney Básico Hollywood Studios na data 22/01/2024.
2024-01-22 16:57:11,672 - ERROR - Erro durante a execução: Invalid character '/' position 0
  line 1:
//*[@id="__layout"]/div/div[1]/section/article[1]/div/div/div[4]/div[1]/div[2]/div[2]/b
^
2024-01-22 16:57:11,672 - INFO - Pesquisando em https://www.vmzviagens.com.br/ingressos/orlando/disney-world-ingresso/disney-ingresso-animal-kingdom-1dia??data=2024-01-22 para 1 Dia - Disney Básico Animal Kingdom na data 22/01/2024.
2024-01-22 16:57:14,527 - ERROR - Erro durante a execução: Invalid character '/' position 0
  line 1:
//*[@id="__layout"]/div/div[1]/section/article[1]/div/div/div[4]/div[1]/div[2]/div[2]/b
^
2024-01-22 16:57:14,527 - INFO - Pesquisando em https://www.vmzviagens.com.br/ingressos/orlando/promocao-disney-world-4-park-magic/promocao-disney-world-4-park-magic??data=2024-01-22 para 4 Dias - Disney Promocional na data 22/01/2024.
2024-01-22 16:57:16,119 - ERROR - Erro durante a execução: Invalid character '/' position 0
  line 1:
//*[@id="__layout"]/div/div[1]/section/article[1]/div/div/div[4]/div[1]/div[3]/div[1]/b
^
2024-01-22 16:57:16,119 - ERROR - Erro ao analisar os dados: 'parque'
2024-01-22 16:57:52,917 - INFO - Pesquisando em https://www.vmzviagens.com.br/ingressos/orlando/disney-world-ingresso/disney-ingresso-magic-kingdom-1dia??data=2024-01-22 para 1 Dia - Disney Básico Magic Kingdom na data 22/01/2024.
2024-01-22 16:57:56,141 - ERROR - Erro durante a execução: Invalid character '/' position 0
  line 1:
//*[@id="__layout"]/div/div[1]/section/article[1]/div/div/div[4]/div[1]/div[2]/div[2]/b
^
2024-01-22 16:57:56,141 - INFO - Pesquisando em https://www.vmzviagens.com.br/ingressos/orlando/disney-world-ingresso/epcot??data=2024-01-22 para 1 Dia - Disney Básico Epcot na data 22/01/2024.
2024-01-22 16:57:58,437 - ERROR - Erro durante a execução: Invalid character '/' position 0
  line 1:
//*[@id="__layout"]/div/div[1]/section/article[1]/div/div/div[4]/div[1]/div[2]/div[2]/b
^
2024-01-22 16:57:58,437 - INFO - Pesquisando em https://www.vmzviagens.com.br/ingressos/orlando/disney-world-ingresso/disney-ingresso-hollywood-studios-1dia??data=2024-01-22 para 1 Dia - Disney Básico Hollywood Studios na data 22/01/2024.
2024-01-22 16:58:00,380 - ERROR - Erro durante a execução: Invalid character '/' position 0
  line 1:
//*[@id="__layout"]/div/div[1]/section/article[1]/div/div/div[4]/div[1]/div[2]/div[2]/b
^
2024-01-22 16:58:00,380 - INFO - Pesquisando em https://www.vmzviagens.com.br/ingressos/orlando/disney-world-ingresso/disney-ingresso-animal-kingdom-1dia??data=2024-01-22 para 1 Dia - Disney Básico Animal Kingdom na data 22/01/2024.
2024-01-22 16:58:02,771 - ERROR - Erro durante a execução: Invalid character '/' position 0
  line 1:
//*[@id="__layout"]/div/div[1]/section/article[1]/div/div/div[4]/div[1]/div[2]/div[2]/b
^
2024-01-22 16:58:02,771 - INFO - Pesquisando em https://www.vmzviagens.com.br/ingressos/orlando/promocao-disney-world-4-park-magic/promocao-disney-world-4-park-magic??data=2024-01-22 para 4 Dias - Disney Promocional na data 22/01/2024.
2024-01-22 16:58:04,500 - ERROR - Erro durante a execução: Invalid character '/' position 0
  line 1:
//*[@id="__layout"]/div/div[1]/section/article[1]/div/div/div[4]/div[1]/div[3]/div[1]/b
^
2024-01-22 16:58:04,502 - ERROR - Erro ao analisar os dados: 'parque'
